<?xml version="1.0" encoding="UTF-8"?>
<!-- Generated by org.testng.reporters.JUnitReportReporter -->
<testsuite hostname="LAPTOP-J2H72JVH" failures="0" tests="1" name="RestAPI.CreatingPostRequest" time="3.653" errors="0" timestamp="2024-10-02T18:05:14 GMT-07:00" skipped="0">
  <testcase classname="RestAPI.CreatingPostRequest" name="testPostUsingJSONLibrary" time="3.653"/>
</testsuite> <!-- RestAPI.CreatingPostRequest -->
