<?xml version="1.0" encoding="UTF-8"?>
<!-- Generated by org.testng.reporters.JUnitReportReporter -->
<testsuite hostname="LAPTOP-J2H72JVH" failures="0" tests="1" name="RestPractise.DeleteRequest" time="1.484" errors="0" timestamp="2024-10-13T22:28:52 GMT-07:00" skipped="0">
  <testcase classname="RestPractise.DeleteRequest" name="deleteCreatedRequest" time="1.484"/>
</testsuite> <!-- RestPractise.DeleteRequest -->
