<?xml version="1.0" encoding="UTF-8"?>
<!-- Generated by org.testng.reporters.JUnitReportReporter -->
<testsuite hostname="LAPTOP-J2H72JVH" failures="0" tests="4" name="RestAPI.HTTPResquest" time="6.095" errors="0" timestamp="2024-10-02T16:50:18 GMT-07:00" skipped="0">
  <testcase classname="RestAPI.HTTPResquest" name="deleteUser" time="3.348"/>
  <testcase classname="RestAPI.HTTPResquest" name="getUsers" time="0.926"/>
  <testcase classname="RestAPI.HTTPResquest" name="createUser" time="1.090"/>
  <testcase classname="RestAPI.HTTPResquest" name="updateUser" time="0.731"/>
</testsuite> <!-- RestAPI.HTTPResquest -->
