<?xml version="1.0" encoding="UTF-8"?>
<!-- Generated by org.testng.reporters.JUnitReportReporter -->
<testsuite hostname="LAPTOP-J2H72JVH" failures="0" tests="1" name="RestAPI.PathAndQueryPara" time="3.456" errors="0" timestamp="2024-10-02T19:03:01 GMT-07:00" skipped="0">
  <testcase classname="RestAPI.PathAndQueryPara" name="pathAndQueryParam" time="3.456"/>
</testsuite> <!-- RestAPI.PathAndQueryPara -->
