<?xml version="1.0" encoding="UTF-8"?>
<!-- Generated by org.testng.reporters.JUnitReportReporter -->
<testsuite hostname="LAPTOP-J2H72JVH" failures="0" tests="1" name="RestPractise.GetBooking" time="2.127" errors="0" timestamp="2024-10-13T18:10:07 GMT-07:00" skipped="0">
  <testcase classname="RestPractise.GetBooking" name="booking" time="2.127"/>
</testsuite> <!-- RestPractise.GetBooking -->
