<?xml version="1.0" encoding="UTF-8"?>
<!-- Generated by org.testng.reporters.JUnitReportReporter -->
<testsuite hostname="LAPTOP-J2H72JVH" failures="0" tests="1" name="RestPractise.RequestSpecification" time="2.097" errors="0" timestamp="2024-10-13T17:51:45 GMT-07:00" skipped="0">
  <testcase classname="RestPractise.RequestSpecification" name="request" time="2.097"/>
</testsuite> <!-- RestPractise.RequestSpecification -->
