<?xml version="1.0" encoding="UTF-8"?>
<!-- Generated by org.testng.reporters.JUnitReportReporter -->
<testsuite hostname="LAPTOP-J2H72JVH" failures="0" tests="1" name="RestPractise.AirLinesTests" time="4.344" errors="0" timestamp="2024-10-12T19:50:13 GMT-07:00" skipped="0">
  <testcase classname="RestPractise.AirLinesTests" name="airLinestest" time="4.344"/>
</testsuite> <!-- RestPractise.AirLinesTests -->
