<?xml version="1.0" encoding="UTF-8"?>
<!-- Generated by org.testng.reporters.JUnitReportReporter -->
<testsuite hostname="LAPTOP-J2H72JVH" failures="0" tests="3" name="RestPractise.SendPostRequest" time="1.969" errors="0" timestamp="2024-10-13T22:16:51 GMT-07:00" skipped="0">
  <testcase classname="RestPractise.SendPostRequest" name="getCreatedRequest" time="0.096"/>
  <testcase classname="RestPractise.SendPostRequest" name="createreq" time="1.830"/>
  <testcase classname="RestPractise.SendPostRequest" name="updateCreatedRequest" time="0.043"/>
</testsuite> <!-- RestPractise.SendPostRequest -->
